<?xml version="1.0" encoding="UTF-8"?>
<!-- Generated by org.testng.reporters.JUnitXMLReporter -->
<testsuite hostname="DESKTOP-MD2112N" ignored="0" name="Default test" tests="3" failures="0" timestamp="29 Jul 2020 01:26:51 GMT" time="7.434" errors="0">
  <testcase name="getAccessToken" time="3.667" classname="com.automation.APIautomationFramework.rough.TestPaypal"/>
  <testcase name="createOrder" time="2.268" classname="com.automation.APIautomationFramework.rough.TestPaypal"/>
  <testcase name="getOrderDetails" time="1.465" classname="com.automation.APIautomationFramework.rough.TestPaypal"/>
</testsuite> <!-- Default test -->
