<?xml version="1.0" encoding="UTF-8"?>
<!-- Generated by org.testng.reporters.JUnitXMLReporter -->
<testsuite hostname="DESKTOP-MD2112N" ignored="0" name="CreateCustomerTest" tests="4" failures="0" timestamp="2021-11-03T16:41:14 AEDT" time="2.227" errors="0">
  <testcase name="CreateCustomerAPIInvalid" time="1.663" classname="com.automation.APIautomationFramework.testcases.Stripe.CreateCustomerTest"/>
  <testcase name="CreateCustomerAPIValid" time="0.508" classname="com.automation.APIautomationFramework.testcases.Stripe.CreateCustomerTest"/>
  <testcase name="CreateCustomerAPIValid" time="0.508" classname="com.automation.APIautomationFramework.testcases.Stripe.CreateCustomerTest"/>
  <testcase name="CreateCustomerAPIValid" time="0.508" classname="com.automation.APIautomationFramework.testcases.Stripe.CreateCustomerTest"/>
</testsuite> <!-- CreateCustomerTest -->
