<?xml version="1.0" encoding="UTF-8"?>
<!-- Generated by org.testng.reporters.JUnitXMLReporter -->
<testsuite hostname="DESKTOP-MD2112N" ignored="0" name="CreateCustomerTest" tests="4" failures="2" timestamp="02 Nov 2021 22:57:43 GMT" time="1.483" errors="0">
  <testcase name="CreateCustomerAPIInvalid" time="0.012" classname="com.automation.APIautomationFramework.testcases.Stripe.CreateCustomerTest">
    <skipped/>
  </testcase> <!-- CreateCustomerAPIInvalid -->
  <testcase name="CreateCustomerAPIValid" time="0.001" classname="com.automation.APIautomationFramework.testcases.Stripe.CreateCustomerTest">
    <skipped/>
  </testcase> <!-- CreateCustomerAPIValid -->
  <testcase name="CreateCustomerAPIValid" time="1.436" classname="com.automation.APIautomationFramework.testcases.Stripe.CreateCustomerTest">
    <failure type="java.lang.NullPointerException">
      <![CDATA[java.lang.NullPointerException
at com.automation.APIautomationFramework.utilities.TestUtil.getJsonKeyValue(TestUtil.java:19)
at com.automation.APIautomationFramework.testcases.Stripe.CreateCustomerTest.CreateCustomerAPIValid(CreateCustomerTest.java:61)
at java.util.concurrent.FutureTask.run(FutureTask.java:266)
at java.util.concurrent.Executors$RunnableAdapter.call(Executors.java:511)
at java.util.concurrent.FutureTask.run(FutureTask.java:266)
at java.util.concurrent.ThreadPoolExecutor.runWorker(ThreadPoolExecutor.java:1149)
at java.util.concurrent.ThreadPoolExecutor$Worker.run(ThreadPoolExecutor.java:624)
at java.lang.Thread.run(Thread.java:748)
... Removed 9 stack frames]]>
    </failure>
  </testcase> <!-- CreateCustomerAPIValid -->
  <testcase name="CreateCustomerAPIValid" time="1.436" classname="com.automation.APIautomationFramework.testcases.Stripe.CreateCustomerTest">
    <failure type="java.lang.NullPointerException">
      <![CDATA[java.lang.NullPointerException
at com.automation.APIautomationFramework.utilities.TestUtil.getJsonKeyValue(TestUtil.java:19)
at com.automation.APIautomationFramework.testcases.Stripe.CreateCustomerTest.CreateCustomerAPIValid(CreateCustomerTest.java:61)
at java.util.concurrent.FutureTask.run(FutureTask.java:266)
at java.util.concurrent.Executors$RunnableAdapter.call(Executors.java:511)
at java.util.concurrent.FutureTask.run(FutureTask.java:266)
at java.util.concurrent.ThreadPoolExecutor.runWorker(ThreadPoolExecutor.java:1149)
at java.util.concurrent.ThreadPoolExecutor$Worker.run(ThreadPoolExecutor.java:624)
at java.lang.Thread.run(Thread.java:748)
... Removed 9 stack frames]]>
    </failure>
  </testcase> <!-- CreateCustomerAPIValid -->
</testsuite> <!-- CreateCustomerTest -->
