<?xml version="1.0" encoding="UTF-8"?>
<testsuite xmlns:xsi="http://www.w3.org/2001/XMLSchema-instance" xsi:noNamespaceSchemaLocation="https://maven.apache.org/surefire/maven-surefire-plugin/xsd/surefire-test-report.xsd" name="TestSuite" time="4.782" tests="5" errors="0" skipped="2" failures="3">
  <properties>
[...]
</properties>
  <testcase name="CreateCustomerAPIInvalid" classname="com.automation.APIautomationFramework.testcases.Stripe.CreateCustomerTest" time="0">
    <skipped message="Test skipped since rumode is N"/>
    <system-out><![CDATA[[TestNGContentHandler] [WARN] It is strongly recommended to add "<!DOCTYPE suite SYSTEM "http://testng.org/testng-1.0.dtd" >" at the top of your file, otherwise TestNG may fail or not work as expected.
Total rows are : 13
Total rows are : 13
Test name is : CreateCustomerAPIInvalid
Test name is : DeleteCustomer
Test case starts from row num: 7
Total rows of data are : 1
Test case starts from row num: 11
Total rows of data are : 1
Total cols are : 4
Total cols are : 2
]]></system-out>
  </testcase>
  <testcase name="CreateCustomerAPIValid" classname="com.automation.APIautomationFramework.testcases.Stripe.CreateCustomerTest" time="0">
    <skipped message="Test skipped since rumode is N"/>
    <system-out><![CDATA[Total rows are : 13
Test name is : CreateCustomerAPIValid
Test case starts from row num: 1
Total rows of data are : 3
Total cols are : 4
]]></system-out>
  </testcase>
  <testcase name="CreateCustomerAPIValid" classname="com.automation.APIautomationFramework.testcases.Stripe.CreateCustomerTest" time="1.436">
    <failure type="java.lang.NullPointerException">java.lang.NullPointerException
	at com.automation.APIautomationFramework.testcases.Stripe.CreateCustomerTest.CreateCustomerAPIValid(CreateCustomerTest.java:61)
</failure>
  </testcase>
  <testcase name="CreateCustomerAPIValid" classname="com.automation.APIautomationFramework.testcases.Stripe.CreateCustomerTest" time="1.436">
    <failure type="java.lang.NullPointerException">java.lang.NullPointerException
	at com.automation.APIautomationFramework.testcases.Stripe.CreateCustomerTest.CreateCustomerAPIValid(CreateCustomerTest.java:61)
</failure>
  </testcase>
  <testcase name="DeleteCustomer" classname="com.automation.APIautomationFramework.testcases.Stripe.DeleteCustomerTest" time="1.422">
    <failure message="expected [200] but found [404]" type="java.lang.AssertionError">java.lang.AssertionError: expected [200] but found [404]
	at com.automation.APIautomationFramework.testcases.Stripe.DeleteCustomerTest.DeleteCustomer(DeleteCustomerTest.java:51)
</failure>
    <system-out><![CDATA[{
    "error": {
        "code": "resource_missing",
        "doc_url": "https://stripe.com/docs/error-codes/resource-missing",
        "message": "No such customer: 'cus_HguK9iKn87CvrJ'",
        "param": "id",
        "type": "invalid_request_error"
    }
}
{
    "id": "cus_KWZ3hmNm4QObO7",
    "object": "customer",
    "address": null,
    "balance": 0,
    "created": 1635893862,
    "currency": null,
    "default_source": null,
    "delinquent": false,
    "description": "Adding the Third Customer in Framework",
    "discount": null,
    "email": "corporate@way2automation.com",
    "invoice_prefix": "AE503121",
    "invoice_settings": {
        "custom_fields": null,
        "default_payment_method": null,
        "footer": null
    },
    "livemode": false,
    "metadata": {
        
    },
    "name": "Raman Arora",
    "next_invoice_sequence": 1,
    "phone": null,
    "preferred_locales": [
        
    ],
    "shipping": null,
    "sources": {
        "object": "list",
        "data": [
            
        ],
        "has_more": false,
        "total_count": 0,
        "url": "/v1/customers/cus_KWZ3hmNm4QObO7/sources"
    },
    "subscriptions": {
        "object": "list",
        "data": [
            
        ],
        "has_more": false,
        "total_count": 0,
        "url": "/v1/customers/cus_KWZ3hmNm4QObO7/subscriptions"
    },
    "tax_exempt": "none",
    "tax_ids": {
        "object": "list",
        "data": [
            
        ],
        "has_more": false,
        "total_count": 0,
        "url": "/v1/customers/cus_KWZ3hmNm4QObO7/tax_ids"
    }
}
{
    "id": "cus_KWZ3pYZ0h5REF9",
    "object": "customer",
    "address": null,
    "balance": 0,
    "created": 1635893862,
    "currency": null,
    "default_source": null,
    "delinquent": false,
    "description": "Adding the forth Customer in framework",
    "discount": null,
    "email": "ishita@way2automation.com",
    "invoice_prefix": "252ABFE1",
    "invoice_settings": {
        "custom_fields": null,
        "default_payment_method": null,
        "footer": null
    },
    "livemode": false,
    "metadata": {
        
    },
    "name": "Ishita Arora",
    "next_invoice_sequence": 1,
    "phone": null,
    "preferred_locales": [
        
    ],
    "shipping": null,
    "sources": {
        "object": "list",
        "data": [
            
        ],
        "has_more": false,
        "total_count": 0,
        "url": "/v1/customers/cus_KWZ3pYZ0h5REF9/sources"
    },
    "subscriptions": {
        "object": "list",
        "data": [
            
        ],
        "has_more": false,
        "total_count": 0,
        "url": "/v1/customers/cus_KWZ3pYZ0h5REF9/subscriptions"
    },
    "tax_exempt": "none",
    "tax_ids": {
        "object": "list",
        "data": [
            
        ],
        "has_more": false,
        "total_count": 0,
        "url": "/v1/customers/cus_KWZ3pYZ0h5REF9/tax_ids"
    }
}
200
404
200
]]></system-out>
  </testcase>
</testsuite>